d:\university work\advanced graphics\barker_josh_13118974\barker_josh_13118974\glfw_framework\release\vc141.pdb
d:\university work\advanced graphics\barker_josh_13118974\barker_josh_13118974\glfw_framework\release\tiny_obj_loader.obj
d:\university work\advanced graphics\barker_josh_13118974\barker_josh_13118974\glfw_framework\release\texture.obj
d:\university work\advanced graphics\barker_josh_13118974\barker_josh_13118974\glfw_framework\release\shader.obj
d:\university work\advanced graphics\barker_josh_13118974\barker_josh_13118974\glfw_framework\release\program.obj
d:\university work\advanced graphics\barker_josh_13118974\barker_josh_13118974\glfw_framework\release\modelasset.obj
d:\university work\advanced graphics\barker_josh_13118974\barker_josh_13118974\glfw_framework\release\fontplot.obj
d:\university work\advanced graphics\barker_josh_13118974\barker_josh_13118974\glfw_framework\release\font.obj
d:\university work\advanced graphics\barker_josh_13118974\barker_josh_13118974\glfw_framework\release\cubemap.obj
d:\university work\advanced graphics\barker_josh_13118974\barker_josh_13118974\glfw_framework\release\collision.obj
d:\university work\advanced graphics\barker_josh_13118974\barker_josh_13118974\glfw_framework\release\camera.obj
d:\university work\advanced graphics\barker_josh_13118974\barker_josh_13118974\glfw_framework\release\bitmap.obj
d:\university work\advanced graphics\barker_josh_13118974\barker_josh_13118974\glfw_framework\release\main.obj
d:\university work\advanced graphics\barker_josh_13118974\barker_josh_13118974\release\glfw_framework.lib
d:\university work\advanced graphics\barker_josh_13118974\barker_josh_13118974\release\glfw_framework.exp
d:\university work\advanced graphics\barker_josh_13118974\barker_josh_13118974\release\glfw_framework.ipdb
d:\university work\advanced graphics\barker_josh_13118974\barker_josh_13118974\release\glfw_framework.iobj
d:\university work\advanced graphics\barker_josh_13118974\barker_josh_13118974\release\glfw_framework.exe
d:\university work\advanced graphics\barker_josh_13118974\barker_josh_13118974\release\glfw_framework.pdb
d:\university work\advanced graphics\barker_josh_13118974\barker_josh_13118974\glfw_framework\release\glfw_framework.tlog\cl.command.1.tlog
d:\university work\advanced graphics\barker_josh_13118974\barker_josh_13118974\glfw_framework\release\glfw_framework.tlog\cl.read.1.tlog
d:\university work\advanced graphics\barker_josh_13118974\barker_josh_13118974\glfw_framework\release\glfw_framework.tlog\cl.write.1.tlog
d:\university work\advanced graphics\barker_josh_13118974\barker_josh_13118974\glfw_framework\release\glfw_framework.tlog\glfw_framework.write.1u.tlog
d:\university work\advanced graphics\barker_josh_13118974\barker_josh_13118974\glfw_framework\release\glfw_framework.tlog\link.command.1.tlog
d:\university work\advanced graphics\barker_josh_13118974\barker_josh_13118974\glfw_framework\release\glfw_framework.tlog\link.read.1.tlog
d:\university work\advanced graphics\barker_josh_13118974\barker_josh_13118974\glfw_framework\release\glfw_framework.tlog\link.write.1.tlog
