  Bitmap.cpp
  Camera.cpp
  collision.cpp
  CubeMap.cpp
  Font.cpp
  fontplot.cpp
fontplot.cpp(115): warning C4018: '<': signed/unsigned mismatch
fontplot.cpp(123): warning C4018: '<': signed/unsigned mismatch
fontplot.cpp(125): warning C4244: 'argument': conversion from 'int' to 'float', possible loss of data
  main.cpp
main.cpp(573): warning C4244: '+=': conversion from 'double' to 'float', possible loss of data
main.cpp(639): warning C4129: 'G': unrecognized character escape sequence
main.cpp(655): warning C4244: 'argument': conversion from 'const float' to 'int', possible loss of data
  ModelAsset.cpp
  Program.cpp
  Shader.cpp
  Texture.cpp
  tiny_obj_loader.cpp
     Creating library D:\University Work\Advanced Graphics\Barker_Josh_13118974\Barker_Josh_13118974\Release\GLFW_framework.lib and object D:\University Work\Advanced Graphics\Barker_Josh_13118974\Barker_Josh_13118974\Release\GLFW_framework.exp
LINK : warning LNK4098: defaultlib 'MSVCRTD' conflicts with use of other libs; use /NODEFAULTLIB:library
  Generating code
d:\university work\advanced graphics\barker_josh_13118974\barker_josh_13118974\glfw_framework\object.h(45): warning C4172: returning address of local variable or temporary
  All 1992 functions were compiled because no usable IPDB/IOBJ from previous compilation was found.
  Finished generating code
glfw3.lib(context.obj) : warning LNK4099: PDB 'glfw.pdb' was not found with 'glfw3.lib(context.obj)' or at 'D:\University Work\Advanced Graphics\Barker_Josh_13118974\Barker_Josh_13118974\Release\glfw.pdb'; linking object as if no debug info
glfw3.lib(init.obj) : warning LNK4099: PDB 'glfw.pdb' was not found with 'glfw3.lib(init.obj)' or at 'D:\University Work\Advanced Graphics\Barker_Josh_13118974\Barker_Josh_13118974\Release\glfw.pdb'; linking object as if no debug info
glfw3.lib(input.obj) : warning LNK4099: PDB 'glfw.pdb' was not found with 'glfw3.lib(input.obj)' or at 'D:\University Work\Advanced Graphics\Barker_Josh_13118974\Barker_Josh_13118974\Release\glfw.pdb'; linking object as if no debug info
glfw3.lib(monitor.obj) : warning LNK4099: PDB 'glfw.pdb' was not found with 'glfw3.lib(monitor.obj)' or at 'D:\University Work\Advanced Graphics\Barker_Josh_13118974\Barker_Josh_13118974\Release\glfw.pdb'; linking object as if no debug info
glfw3.lib(vulkan.obj) : warning LNK4099: PDB 'glfw.pdb' was not found with 'glfw3.lib(vulkan.obj)' or at 'D:\University Work\Advanced Graphics\Barker_Josh_13118974\Barker_Josh_13118974\Release\glfw.pdb'; linking object as if no debug info
glfw3.lib(window.obj) : warning LNK4099: PDB 'glfw.pdb' was not found with 'glfw3.lib(window.obj)' or at 'D:\University Work\Advanced Graphics\Barker_Josh_13118974\Barker_Josh_13118974\Release\glfw.pdb'; linking object as if no debug info
glfw3.lib(win32_init.obj) : warning LNK4099: PDB 'glfw.pdb' was not found with 'glfw3.lib(win32_init.obj)' or at 'D:\University Work\Advanced Graphics\Barker_Josh_13118974\Barker_Josh_13118974\Release\glfw.pdb'; linking object as if no debug info
glfw3.lib(win32_joystick.obj) : warning LNK4099: PDB 'glfw.pdb' was not found with 'glfw3.lib(win32_joystick.obj)' or at 'D:\University Work\Advanced Graphics\Barker_Josh_13118974\Barker_Josh_13118974\Release\glfw.pdb'; linking object as if no debug info
glfw3.lib(win32_monitor.obj) : warning LNK4099: PDB 'glfw.pdb' was not found with 'glfw3.lib(win32_monitor.obj)' or at 'D:\University Work\Advanced Graphics\Barker_Josh_13118974\Barker_Josh_13118974\Release\glfw.pdb'; linking object as if no debug info
glfw3.lib(win32_time.obj) : warning LNK4099: PDB 'glfw.pdb' was not found with 'glfw3.lib(win32_time.obj)' or at 'D:\University Work\Advanced Graphics\Barker_Josh_13118974\Barker_Josh_13118974\Release\glfw.pdb'; linking object as if no debug info
glfw3.lib(win32_tls.obj) : warning LNK4099: PDB 'glfw.pdb' was not found with 'glfw3.lib(win32_tls.obj)' or at 'D:\University Work\Advanced Graphics\Barker_Josh_13118974\Barker_Josh_13118974\Release\glfw.pdb'; linking object as if no debug info
glfw3.lib(win32_window.obj) : warning LNK4099: PDB 'glfw.pdb' was not found with 'glfw3.lib(win32_window.obj)' or at 'D:\University Work\Advanced Graphics\Barker_Josh_13118974\Barker_Josh_13118974\Release\glfw.pdb'; linking object as if no debug info
glfw3.lib(wgl_context.obj) : warning LNK4099: PDB 'glfw.pdb' was not found with 'glfw3.lib(wgl_context.obj)' or at 'D:\University Work\Advanced Graphics\Barker_Josh_13118974\Barker_Josh_13118974\Release\glfw.pdb'; linking object as if no debug info
glfw3.lib(egl_context.obj) : warning LNK4099: PDB 'glfw.pdb' was not found with 'glfw3.lib(egl_context.obj)' or at 'D:\University Work\Advanced Graphics\Barker_Josh_13118974\Barker_Josh_13118974\Release\glfw.pdb'; linking object as if no debug info
  GLFW_framework.vcxproj -> D:\University Work\Advanced Graphics\Barker_Josh_13118974\Barker_Josh_13118974\Release\GLFW_framework.exe
