d:\university work\advanced graphics\barker_josh_13118974\barker_josh_13118974\glfw_framework\debug\vc141.pdb
d:\university work\advanced graphics\barker_josh_13118974\barker_josh_13118974\glfw_framework\debug\vc141.idb
d:\university work\advanced graphics\barker_josh_13118974\barker_josh_13118974\glfw_framework\debug\bitmap.obj
d:\university work\advanced graphics\barker_josh_13118974\barker_josh_13118974\glfw_framework\debug\camera.obj
d:\university work\advanced graphics\barker_josh_13118974\barker_josh_13118974\glfw_framework\debug\collision.obj
d:\university work\advanced graphics\barker_josh_13118974\barker_josh_13118974\glfw_framework\debug\cubemap.obj
d:\university work\advanced graphics\barker_josh_13118974\barker_josh_13118974\glfw_framework\debug\font.obj
d:\university work\advanced graphics\barker_josh_13118974\barker_josh_13118974\glfw_framework\debug\fontplot.obj
d:\university work\advanced graphics\barker_josh_13118974\barker_josh_13118974\glfw_framework\debug\main.obj
d:\university work\advanced graphics\barker_josh_13118974\barker_josh_13118974\glfw_framework\debug\modelasset.obj
d:\university work\advanced graphics\barker_josh_13118974\barker_josh_13118974\glfw_framework\debug\program.obj
d:\university work\advanced graphics\barker_josh_13118974\barker_josh_13118974\glfw_framework\debug\shader.obj
d:\university work\advanced graphics\barker_josh_13118974\barker_josh_13118974\glfw_framework\debug\texture.obj
d:\university work\advanced graphics\barker_josh_13118974\barker_josh_13118974\glfw_framework\debug\tiny_obj_loader.obj
d:\university work\advanced graphics\barker_josh_13118974\barker_josh_13118974\debug\glfw_framework.lib
d:\university work\advanced graphics\barker_josh_13118974\barker_josh_13118974\debug\glfw_framework.exp
d:\university work\advanced graphics\barker_josh_13118974\barker_josh_13118974\debug\glfw_framework.ilk
d:\university work\advanced graphics\barker_josh_13118974\barker_josh_13118974\debug\glfw_framework.exe
d:\university work\advanced graphics\barker_josh_13118974\barker_josh_13118974\debug\glfw_framework.pdb
d:\university work\advanced graphics\barker_josh_13118974\barker_josh_13118974\glfw_framework\debug\main.obj.enc
d:\university work\advanced graphics\barker_josh_13118974\barker_josh_13118974\glfw_framework\debug\glfw_framework.tlog\cl.command.1.tlog
d:\university work\advanced graphics\barker_josh_13118974\barker_josh_13118974\glfw_framework\debug\glfw_framework.tlog\cl.read.1.tlog
d:\university work\advanced graphics\barker_josh_13118974\barker_josh_13118974\glfw_framework\debug\glfw_framework.tlog\cl.write.1.tlog
d:\university work\advanced graphics\barker_josh_13118974\barker_josh_13118974\glfw_framework\debug\glfw_framework.tlog\glfw_framework.write.1u.tlog
d:\university work\advanced graphics\barker_josh_13118974\barker_josh_13118974\glfw_framework\debug\glfw_framework.tlog\link.command.1.tlog
d:\university work\advanced graphics\barker_josh_13118974\barker_josh_13118974\glfw_framework\debug\glfw_framework.tlog\link.read.1.tlog
d:\university work\advanced graphics\barker_josh_13118974\barker_josh_13118974\glfw_framework\debug\glfw_framework.tlog\link.write.1.tlog
